Determining if the pthread_create exist failed with the following output:
Change Dir: /home/tay/inference_engine_samples/CMakeFiles/CMakeTmp

Run Build Command:"/usr/bin/make" "cmTC_3be99/fast"
/usr/bin/make -f CMakeFiles/cmTC_3be99.dir/build.make CMakeFiles/cmTC_3be99.dir/build
make[1]: Entering directory '/home/tay/inference_engine_samples/CMakeFiles/CMakeTmp'
Building C object CMakeFiles/cmTC_3be99.dir/CheckSymbolExists.c.o
/usr/bin/cc     -o CMakeFiles/cmTC_3be99.dir/CheckSymbolExists.c.o   -c /home/tay/inference_engine_samples/CMakeFiles/CMakeTmp/CheckSymbolExists.c
Linking C executable cmTC_3be99
/usr/bin/cmake -E cmake_link_script CMakeFiles/cmTC_3be99.dir/link.txt --verbose=1
/usr/bin/cc       CMakeFiles/cmTC_3be99.dir/CheckSymbolExists.c.o  -o cmTC_3be99 -rdynamic 
CMakeFiles/cmTC_3be99.dir/CheckSymbolExists.c.o: In function `main':
CheckSymbolExists.c:(.text+0x16): undefined reference to `pthread_create'
collect2: error: ld returned 1 exit status
CMakeFiles/cmTC_3be99.dir/build.make:97: recipe for target 'cmTC_3be99' failed
make[1]: *** [cmTC_3be99] Error 1
make[1]: Leaving directory '/home/tay/inference_engine_samples/CMakeFiles/CMakeTmp'
Makefile:126: recipe for target 'cmTC_3be99/fast' failed
make: *** [cmTC_3be99/fast] Error 2

File /home/tay/inference_engine_samples/CMakeFiles/CMakeTmp/CheckSymbolExists.c:
/* */
#include <pthread.h>

int main(int argc, char** argv)
{
  (void)argv;
#ifndef pthread_create
  return ((int*)(&pthread_create))[argc];
#else
  (void)argc;
  return 0;
#endif
}

Determining if the function pthread_create exists in the pthreads failed with the following output:
Change Dir: /home/tay/inference_engine_samples/CMakeFiles/CMakeTmp

Run Build Command:"/usr/bin/make" "cmTC_d1f48/fast"
/usr/bin/make -f CMakeFiles/cmTC_d1f48.dir/build.make CMakeFiles/cmTC_d1f48.dir/build
make[1]: Entering directory '/home/tay/inference_engine_samples/CMakeFiles/CMakeTmp'
Building C object CMakeFiles/cmTC_d1f48.dir/CheckFunctionExists.c.o
/usr/bin/cc    -DCHECK_FUNCTION_EXISTS=pthread_create   -o CMakeFiles/cmTC_d1f48.dir/CheckFunctionExists.c.o   -c /usr/share/cmake-3.5/Modules/CheckFunctionExists.c
Linking C executable cmTC_d1f48
/usr/bin/cmake -E cmake_link_script CMakeFiles/cmTC_d1f48.dir/link.txt --verbose=1
/usr/bin/cc   -DCHECK_FUNCTION_EXISTS=pthread_create    CMakeFiles/cmTC_d1f48.dir/CheckFunctionExists.c.o  -o cmTC_d1f48 -rdynamic -lpthreads 
/usr/bin/ld: cannot find -lpthreads
collect2: error: ld returned 1 exit status
CMakeFiles/cmTC_d1f48.dir/build.make:97: recipe for target 'cmTC_d1f48' failed
make[1]: *** [cmTC_d1f48] Error 1
make[1]: Leaving directory '/home/tay/inference_engine_samples/CMakeFiles/CMakeTmp'
Makefile:126: recipe for target 'cmTC_d1f48/fast' failed
make: *** [cmTC_d1f48/fast] Error 2


